{"/Users/mpauly1/Mathew/Personal/react/hacker-news/src/actions/News.js": {"path":"/Users/mpauly1/Mathew/Personal/react/hacker-news/src/actions/News.js","statementMap":{"0":{"start":{"line":4,"column":21},"end":{"line":32,"column":1}},"1":{"start":{"line":5,"column":2},"end":{"line":31,"column":3}},"2":{"start":{"line":6,"column":18},"end":{"line":6,"column":19}},"3":{"start":{"line":7,"column":4},"end":{"line":28,"column":5}},"4":{"start":{"line":8,"column":6},"end":{"line":8,"column":54}},"5":{"start":{"line":9,"column":23},"end":{"line":9,"column":108}},"6":{"start":{"line":10,"column":6},"end":{"line":10,"column":75}},"7":{"start":{"line":11,"column":27},"end":{"line":13,"column":8}},"8":{"start":{"line":12,"column":8},"end":{"line":12,"column":63}},"9":{"start":{"line":12,"column":43},"end":{"line":12,"column":62}},"10":{"start":{"line":14,"column":19},"end":{"line":18,"column":7}},"11":{"start":{"line":20,"column":6},"end":{"line":23,"column":8}},"12":{"start":{"line":21,"column":22},"end":{"line":21,"column":79}},"13":{"start":{"line":21,"column":52},"end":{"line":21,"column":78}},"14":{"start":{"line":22,"column":8},"end":{"line":22,"column":63}},"15":{"start":{"line":22,"column":21},"end":{"line":22,"column":61}},"16":{"start":{"line":25,"column":6},"end":{"line":25,"column":59}},"17":{"start":{"line":27,"column":6},"end":{"line":27,"column":53}},"18":{"start":{"line":30,"column":4},"end":{"line":30,"column":21}},"19":{"start":{"line":34,"column":22},"end":{"line":39,"column":1}},"20":{"start":{"line":35,"column":2},"end":{"line":38,"column":3}},"21":{"start":{"line":36,"column":4},"end":{"line":36,"column":60}},"22":{"start":{"line":37,"column":4},"end":{"line":37,"column":14}},"23":{"start":{"line":41,"column":24},"end":{"line":46,"column":1}},"24":{"start":{"line":42,"column":2},"end":{"line":45,"column":3}},"25":{"start":{"line":43,"column":4},"end":{"line":43,"column":56}},"26":{"start":{"line":44,"column":4},"end":{"line":44,"column":14}}},"fnMap":{"0":{"name":"(anonymous_0)","decl":{"start":{"line":4,"column":21},"end":{"line":4,"column":22}},"loc":{"start":{"line":4,"column":33},"end":{"line":32,"column":1}},"line":4},"1":{"name":"(anonymous_1)","decl":{"start":{"line":5,"column":9},"end":{"line":5,"column":10}},"loc":{"start":{"line":5,"column":35},"end":{"line":31,"column":3}},"line":5},"2":{"name":"(anonymous_2)","decl":{"start":{"line":11,"column":53},"end":{"line":11,"column":54}},"loc":{"start":{"line":11,"column":63},"end":{"line":13,"column":7}},"line":11},"3":{"name":"(anonymous_3)","decl":{"start":{"line":12,"column":38},"end":{"line":12,"column":39}},"loc":{"start":{"line":12,"column":43},"end":{"line":12,"column":62}},"line":12},"4":{"name":"(anonymous_4)","decl":{"start":{"line":20,"column":24},"end":{"line":20,"column":25}},"loc":{"start":{"line":20,"column":32},"end":{"line":23,"column":7}},"line":20},"5":{"name":"(anonymous_5)","decl":{"start":{"line":21,"column":43},"end":{"line":21,"column":44}},"loc":{"start":{"line":21,"column":52},"end":{"line":21,"column":78}},"line":21},"6":{"name":"(anonymous_6)","decl":{"start":{"line":34,"column":22},"end":{"line":34,"column":23}},"loc":{"start":{"line":34,"column":34},"end":{"line":39,"column":1}},"line":34},"7":{"name":"(anonymous_7)","decl":{"start":{"line":35,"column":9},"end":{"line":35,"column":10}},"loc":{"start":{"line":35,"column":35},"end":{"line":38,"column":3}},"line":35},"8":{"name":"(anonymous_8)","decl":{"start":{"line":41,"column":24},"end":{"line":41,"column":25}},"loc":{"start":{"line":41,"column":36},"end":{"line":46,"column":1}},"line":41},"9":{"name":"(anonymous_9)","decl":{"start":{"line":42,"column":9},"end":{"line":42,"column":10}},"loc":{"start":{"line":42,"column":35},"end":{"line":45,"column":3}},"line":42}},"branchMap":{"0":{"loc":{"start":{"line":10,"column":16},"end":{"line":10,"column":75}},"type":"cond-expr","locations":[{"start":{"line":10,"column":47},"end":{"line":10,"column":70}},{"start":{"line":10,"column":74},"end":{"line":10,"column":75}}],"line":10},"1":{"loc":{"start":{"line":10,"column":17},"end":{"line":10,"column":42}},"type":"binary-expr","locations":[{"start":{"line":10,"column":17},"end":{"line":10,"column":25}},{"start":{"line":10,"column":29},"end":{"line":10,"column":42}}],"line":10},"2":{"loc":{"start":{"line":10,"column":47},"end":{"line":10,"column":70}},"type":"binary-expr","locations":[{"start":{"line":10,"column":47},"end":{"line":10,"column":65}},{"start":{"line":10,"column":69},"end":{"line":10,"column":70}}],"line":10},"3":{"loc":{"start":{"line":22,"column":8},"end":{"line":22,"column":63}},"type":"if","locations":[{"start":{"line":22,"column":8},"end":{"line":22,"column":63}},{"start":{"line":22,"column":8},"end":{"line":22,"column":63}}],"line":22}},"s":{"0":6,"1":7,"2":4,"3":4,"4":4,"5":4,"6":1,"7":1,"8":4,"9":4,"10":1,"11":1,"12":3,"13":3,"14":3,"15":1,"16":1,"17":1,"18":2,"19":6,"20":6,"21":1,"22":1,"23":6,"24":6,"25":1,"26":1},"f":{"0":7,"1":4,"2":4,"3":4,"4":3,"5":3,"6":6,"7":1,"8":6,"9":1},"b":{"0":[1,0],"1":[1,1],"2":[1,0],"3":[1,2]},"_coverageSchema":"1a1c01bbd47fc00a2c39e90264f33305004495a9","hash":"5d8373b4590ab88ac7948647ee6c60f4bd933148"}
,"/Users/mpauly1/Mathew/Personal/react/hacker-news/src/api/yelp.js": {"path":"/Users/mpauly1/Mathew/Personal/react/hacker-news/src/api/yelp.js","statementMap":{},"fnMap":{},"branchMap":{},"s":{},"f":{},"b":{},"_coverageSchema":"1a1c01bbd47fc00a2c39e90264f33305004495a9","hash":"238be2a205324cc06b48aa76396ba56a6c6bd4d0"}
,"/Users/mpauly1/Mathew/Personal/react/hacker-news/src/components/Header/Header.js": {"path":"/Users/mpauly1/Mathew/Personal/react/hacker-news/src/components/Header/Header.js","statementMap":{"0":{"start":{"line":10,"column":4},"end":{"line":10,"column":16}},"1":{"start":{"line":11,"column":4},"end":{"line":11,"column":48}},"2":{"start":{"line":14,"column":17},"end":{"line":14,"column":18}},"3":{"start":{"line":15,"column":4},"end":{"line":17,"column":6}},"4":{"start":{"line":16,"column":6},"end":{"line":16,"column":22}},"5":{"start":{"line":21,"column":4},"end":{"line":30,"column":10}},"6":{"start":{"line":33,"column":0},"end":{"line":33,"column":28}},"7":{"start":{"line":35,"column":0},"end":{"line":37,"column":1}}},"fnMap":{"0":{"name":"(anonymous_0)","decl":{"start":{"line":9,"column":2},"end":{"line":9,"column":3}},"loc":{"start":{"line":9,"column":22},"end":{"line":12,"column":3}},"line":9},"1":{"name":"(anonymous_1)","decl":{"start":{"line":13,"column":2},"end":{"line":13,"column":3}},"loc":{"start":{"line":13,"column":16},"end":{"line":18,"column":3}},"line":13},"2":{"name":"(anonymous_2)","decl":{"start":{"line":15,"column":29},"end":{"line":15,"column":30}},"loc":{"start":{"line":15,"column":35},"end":{"line":17,"column":5}},"line":15},"3":{"name":"(anonymous_3)","decl":{"start":{"line":20,"column":2},"end":{"line":20,"column":3}},"loc":{"start":{"line":20,"column":12},"end":{"line":31,"column":3}},"line":20}},"branchMap":{},"s":{"0":1,"1":1,"2":1,"3":1,"4":0,"5":2,"6":2,"7":2},"f":{"0":1,"1":1,"2":0,"3":2},"b":{},"_coverageSchema":"1a1c01bbd47fc00a2c39e90264f33305004495a9","hash":"efe23bd32aae1071c1cf82763107d964d4b5b498"}
,"/Users/mpauly1/Mathew/Personal/react/hacker-news/src/components/LineChart/LineChart.js": {"path":"/Users/mpauly1/Mathew/Personal/react/hacker-news/src/components/LineChart/LineChart.js","statementMap":{"0":{"start":{"line":8,"column":22},"end":{"line":8,"column":34}},"1":{"start":{"line":9,"column":17},"end":{"line":11,"column":11}},"2":{"start":{"line":10,"column":6},"end":{"line":10,"column":41}},"3":{"start":{"line":12,"column":4},"end":{"line":12,"column":33}},"4":{"start":{"line":14,"column":20},"end":{"line":38,"column":5}},"5":{"start":{"line":39,"column":4},"end":{"line":49,"column":10}},"6":{"start":{"line":52,"column":0},"end":{"line":52,"column":31}}},"fnMap":{"0":{"name":"(anonymous_0)","decl":{"start":{"line":7,"column":2},"end":{"line":7,"column":3}},"loc":{"start":{"line":7,"column":12},"end":{"line":50,"column":3}},"line":7},"1":{"name":"(anonymous_1)","decl":{"start":{"line":9,"column":40},"end":{"line":9,"column":41}},"loc":{"start":{"line":9,"column":50},"end":{"line":11,"column":5}},"line":9}},"branchMap":{"0":{"loc":{"start":{"line":9,"column":17},"end":{"line":11,"column":11}},"type":"cond-expr","locations":[{"start":{"line":9,"column":25},"end":{"line":11,"column":6}},{"start":{"line":11,"column":9},"end":{"line":11,"column":11}}],"line":9},"1":{"loc":{"start":{"line":40,"column":8},"end":{"line":48,"column":14}},"type":"cond-expr","locations":[{"start":{"line":41,"column":10},"end":{"line":47,"column":10}},{"start":{"line":48,"column":10},"end":{"line":48,"column":14}}],"line":40},"2":{"loc":{"start":{"line":40,"column":8},"end":{"line":40,"column":34}},"type":"binary-expr","locations":[{"start":{"line":40,"column":8},"end":{"line":40,"column":13}},{"start":{"line":40,"column":17},"end":{"line":40,"column":34}}],"line":40}},"s":{"0":3,"1":3,"2":0,"3":3,"4":3,"5":3,"6":3},"f":{"0":3,"1":0},"b":{"0":[3,0],"1":[0,3],"2":[3,3]},"_coverageSchema":"1a1c01bbd47fc00a2c39e90264f33305004495a9","hash":"322f0df78bc15bf7d14ced3f24c349e9f4a5995e"}
,"/Users/mpauly1/Mathew/Personal/react/hacker-news/src/components/NewsItem/NewsItem.js": {"path":"/Users/mpauly1/Mathew/Personal/react/hacker-news/src/components/NewsItem/NewsItem.js","statementMap":{"0":{"start":{"line":9,"column":4},"end":{"line":9,"column":16}},"1":{"start":{"line":10,"column":4},"end":{"line":10,"column":26}},"2":{"start":{"line":11,"column":4},"end":{"line":11,"column":34}},"3":{"start":{"line":12,"column":4},"end":{"line":12,"column":48}},"4":{"start":{"line":13,"column":4},"end":{"line":13,"column":36}},"5":{"start":{"line":17,"column":18},"end":{"line":17,"column":31}},"6":{"start":{"line":18,"column":4},"end":{"line":26,"column":5}},"7":{"start":{"line":19,"column":6},"end":{"line":19,"column":29}},"8":{"start":{"line":20,"column":11},"end":{"line":26,"column":5}},"9":{"start":{"line":21,"column":6},"end":{"line":21,"column":31}},"10":{"start":{"line":22,"column":11},"end":{"line":26,"column":5}},"11":{"start":{"line":23,"column":6},"end":{"line":23,"column":27}},"12":{"start":{"line":25,"column":6},"end":{"line":25,"column":30}},"13":{"start":{"line":30,"column":4},"end":{"line":30,"column":45}},"14":{"start":{"line":34,"column":4},"end":{"line":34,"column":49}},"15":{"start":{"line":38,"column":17},"end":{"line":38,"column":108}},"16":{"start":{"line":39,"column":21},"end":{"line":39,"column":91}},"17":{"start":{"line":40,"column":14},"end":{"line":40,"column":61}},"18":{"start":{"line":41,"column":4},"end":{"line":41,"column":49}},"19":{"start":{"line":42,"column":4},"end":{"line":63,"column":10}},"20":{"start":{"line":46,"column":66},"end":{"line":46,"column":101}},"21":{"start":{"line":59,"column":66},"end":{"line":59,"column":101}},"22":{"start":{"line":62,"column":45},"end":{"line":62,"column":74}},"23":{"start":{"line":67,"column":0},"end":{"line":67,"column":30}},"24":{"start":{"line":69,"column":0},"end":{"line":72,"column":1}}},"fnMap":{"0":{"name":"(anonymous_0)","decl":{"start":{"line":8,"column":2},"end":{"line":8,"column":3}},"loc":{"start":{"line":8,"column":22},"end":{"line":14,"column":3}},"line":8},"1":{"name":"(anonymous_1)","decl":{"start":{"line":16,"column":2},"end":{"line":16,"column":3}},"loc":{"start":{"line":16,"column":33},"end":{"line":27,"column":3}},"line":16},"2":{"name":"(anonymous_2)","decl":{"start":{"line":29,"column":2},"end":{"line":29,"column":3}},"loc":{"start":{"line":29,"column":18},"end":{"line":31,"column":3}},"line":29},"3":{"name":"(anonymous_3)","decl":{"start":{"line":30,"column":36},"end":{"line":30,"column":37}},"loc":{"start":{"line":30,"column":42},"end":{"line":30,"column":44}},"line":30},"4":{"name":"(anonymous_4)","decl":{"start":{"line":33,"column":2},"end":{"line":33,"column":3}},"loc":{"start":{"line":33,"column":12},"end":{"line":35,"column":3}},"line":33},"5":{"name":"(anonymous_5)","decl":{"start":{"line":34,"column":40},"end":{"line":34,"column":41}},"loc":{"start":{"line":34,"column":46},"end":{"line":34,"column":48}},"line":34},"6":{"name":"(anonymous_6)","decl":{"start":{"line":37,"column":2},"end":{"line":37,"column":3}},"loc":{"start":{"line":37,"column":12},"end":{"line":64,"column":3}},"line":37},"7":{"name":"(anonymous_7)","decl":{"start":{"line":46,"column":58},"end":{"line":46,"column":59}},"loc":{"start":{"line":46,"column":64},"end":{"line":46,"column":103}},"line":46},"8":{"name":"(anonymous_8)","decl":{"start":{"line":59,"column":58},"end":{"line":59,"column":59}},"loc":{"start":{"line":59,"column":64},"end":{"line":59,"column":103}},"line":59},"9":{"name":"(anonymous_9)","decl":{"start":{"line":62,"column":37},"end":{"line":62,"column":38}},"loc":{"start":{"line":62,"column":43},"end":{"line":62,"column":76}},"line":62}},"branchMap":{"0":{"loc":{"start":{"line":18,"column":4},"end":{"line":26,"column":5}},"type":"if","locations":[{"start":{"line":18,"column":4},"end":{"line":26,"column":5}},{"start":{"line":18,"column":4},"end":{"line":26,"column":5}}],"line":18},"1":{"loc":{"start":{"line":20,"column":11},"end":{"line":26,"column":5}},"type":"if","locations":[{"start":{"line":20,"column":11},"end":{"line":26,"column":5}},{"start":{"line":20,"column":11},"end":{"line":26,"column":5}}],"line":20},"2":{"loc":{"start":{"line":22,"column":11},"end":{"line":26,"column":5}},"type":"if","locations":[{"start":{"line":22,"column":11},"end":{"line":26,"column":5}},{"start":{"line":22,"column":11},"end":{"line":26,"column":5}}],"line":22},"3":{"loc":{"start":{"line":39,"column":21},"end":{"line":39,"column":91}},"type":"cond-expr","locations":[{"start":{"line":39,"column":33},"end":{"line":39,"column":61}},{"start":{"line":39,"column":64},"end":{"line":39,"column":91}}],"line":39},"4":{"loc":{"start":{"line":40,"column":14},"end":{"line":40,"column":61}},"type":"cond-expr","locations":[{"start":{"line":40,"column":30},"end":{"line":40,"column":54}},{"start":{"line":40,"column":57},"end":{"line":40,"column":61}}],"line":40},"5":{"loc":{"start":{"line":41,"column":10},"end":{"line":41,"column":49}},"type":"cond-expr","locations":[{"start":{"line":41,"column":16},"end":{"line":41,"column":42}},{"start":{"line":41,"column":45},"end":{"line":41,"column":49}}],"line":41},"6":{"loc":{"start":{"line":42,"column":40},"end":{"line":42,"column":80}},"type":"cond-expr","locations":[{"start":{"line":42,"column":66},"end":{"line":42,"column":72}},{"start":{"line":42,"column":75},"end":{"line":42,"column":80}}],"line":42}},"s":{"0":4,"1":4,"2":4,"3":4,"4":4,"5":8,"6":8,"7":2,"8":6,"9":2,"10":4,"11":2,"12":2,"13":0,"14":0,"15":4,"16":4,"17":4,"18":4,"19":4,"20":0,"21":0,"22":0,"23":3,"24":3},"f":{"0":4,"1":8,"2":0,"3":0,"4":0,"5":0,"6":4,"7":0,"8":0,"9":0},"b":{"0":[2,6],"1":[2,4],"2":[2,2],"3":[4,0],"4":[4,0],"5":[4,0],"6":[0,4]},"_coverageSchema":"1a1c01bbd47fc00a2c39e90264f33305004495a9","hash":"d1f18e778059a53984503389cae75d9d52b934f3"}
,"/Users/mpauly1/Mathew/Personal/react/hacker-news/src/constants/default.js": {"path":"/Users/mpauly1/Mathew/Personal/react/hacker-news/src/constants/default.js","statementMap":{"0":{"start":{"line":1,"column":23},"end":{"line":6,"column":3}},"1":{"start":{"line":7,"column":29},"end":{"line":11,"column":3}}},"fnMap":{},"branchMap":{},"s":{"0":8,"1":8},"f":{},"b":{},"_coverageSchema":"1a1c01bbd47fc00a2c39e90264f33305004495a9","hash":"feb6bf1de5accbb2ea38b515a1fc3f5911ec23a8"}
,"/Users/mpauly1/Mathew/Personal/react/hacker-news/src/containers/App.js": {"path":"/Users/mpauly1/Mathew/Personal/react/hacker-news/src/containers/App.js","statementMap":{"0":{"start":{"line":11,"column":4},"end":{"line":23,"column":5}}},"fnMap":{"0":{"name":"(anonymous_0)","decl":{"start":{"line":10,"column":2},"end":{"line":10,"column":3}},"loc":{"start":{"line":10,"column":12},"end":{"line":24,"column":3}},"line":10}},"branchMap":{},"s":{"0":1},"f":{"0":1},"b":{},"_coverageSchema":"1a1c01bbd47fc00a2c39e90264f33305004495a9","hash":"60dcc2e75c4dd6fb8b051afada1d83640508edee"}
,"/Users/mpauly1/Mathew/Personal/react/hacker-news/src/containers/News/News.js": {"path":"/Users/mpauly1/Mathew/Personal/react/hacker-news/src/containers/News/News.js","statementMap":{"0":{"start":{"line":9,"column":17},"end":{"line":9,"column":31}},"1":{"start":{"line":10,"column":4},"end":{"line":12,"column":6}},"2":{"start":{"line":11,"column":6},"end":{"line":11,"column":25}},"3":{"start":{"line":16,"column":4},"end":{"line":20,"column":5}},"4":{"start":{"line":17,"column":6},"end":{"line":19,"column":8}},"5":{"start":{"line":18,"column":8},"end":{"line":18,"column":27}},"6":{"start":{"line":24,"column":22},"end":{"line":24,"column":34}},"7":{"start":{"line":25,"column":27},"end":{"line":25,"column":68}},"8":{"start":{"line":26,"column":26},"end":{"line":26,"column":201}},"9":{"start":{"line":27,"column":4},"end":{"line":39,"column":10}},"10":{"start":{"line":30,"column":10},"end":{"line":30,"column":77}},"11":{"start":{"line":43,"column":0},"end":{"line":43,"column":26}}},"fnMap":{"0":{"name":"(anonymous_0)","decl":{"start":{"line":8,"column":2},"end":{"line":8,"column":3}},"loc":{"start":{"line":8,"column":23},"end":{"line":13,"column":3}},"line":8},"1":{"name":"(anonymous_1)","decl":{"start":{"line":10,"column":29},"end":{"line":10,"column":30}},"loc":{"start":{"line":10,"column":42},"end":{"line":12,"column":5}},"line":10},"2":{"name":"(anonymous_2)","decl":{"start":{"line":15,"column":2},"end":{"line":15,"column":3}},"loc":{"start":{"line":15,"column":12},"end":{"line":21,"column":3}},"line":15},"3":{"name":"(anonymous_3)","decl":{"start":{"line":17,"column":54},"end":{"line":17,"column":55}},"loc":{"start":{"line":17,"column":67},"end":{"line":19,"column":7}},"line":17},"4":{"name":"(anonymous_4)","decl":{"start":{"line":23,"column":2},"end":{"line":23,"column":3}},"loc":{"start":{"line":23,"column":12},"end":{"line":40,"column":3}},"line":23},"5":{"name":"(anonymous_5)","decl":{"start":{"line":29,"column":25},"end":{"line":29,"column":26}},"loc":{"start":{"line":29,"column":42},"end":{"line":31,"column":9}},"line":29}},"branchMap":{"0":{"loc":{"start":{"line":9,"column":17},"end":{"line":9,"column":31}},"type":"binary-expr","locations":[{"start":{"line":9,"column":17},"end":{"line":9,"column":26}},{"start":{"line":9,"column":30},"end":{"line":9,"column":31}}],"line":9},"1":{"loc":{"start":{"line":16,"column":4},"end":{"line":20,"column":5}},"type":"if","locations":[{"start":{"line":16,"column":4},"end":{"line":20,"column":5}},{"start":{"line":16,"column":4},"end":{"line":20,"column":5}}],"line":16},"2":{"loc":{"start":{"line":26,"column":53},"end":{"line":26,"column":194}},"type":"cond-expr","locations":[{"start":{"line":26,"column":77},"end":{"line":26,"column":165}},{"start":{"line":26,"column":169},"end":{"line":26,"column":194}}],"line":26},"3":{"loc":{"start":{"line":26,"column":53},"end":{"line":26,"column":73}},"type":"binary-expr","locations":[{"start":{"line":26,"column":53},"end":{"line":26,"column":58}},{"start":{"line":26,"column":62},"end":{"line":26,"column":73}}],"line":26},"4":{"loc":{"start":{"line":26,"column":77},"end":{"line":26,"column":165}},"type":"cond-expr","locations":[{"start":{"line":26,"column":119},"end":{"line":26,"column":137}},{"start":{"line":26,"column":140},"end":{"line":26,"column":165}}],"line":26},"5":{"loc":{"start":{"line":28,"column":7},"end":{"line":31,"column":10}},"type":"cond-expr","locations":[{"start":{"line":28,"column":40},"end":{"line":28,"column":95}},{"start":{"line":29,"column":10},"end":{"line":31,"column":10}}],"line":28},"6":{"loc":{"start":{"line":28,"column":9},"end":{"line":28,"column":35}},"type":"binary-expr","locations":[{"start":{"line":28,"column":9},"end":{"line":28,"column":14}},{"start":{"line":28,"column":18},"end":{"line":28,"column":35}}],"line":28},"7":{"loc":{"start":{"line":28,"column":40},"end":{"line":28,"column":95}},"type":"cond-expr","locations":[{"start":{"line":28,"column":65},"end":{"line":28,"column":78}},{"start":{"line":28,"column":81},"end":{"line":28,"column":95}}],"line":28},"8":{"loc":{"start":{"line":28,"column":41},"end":{"line":28,"column":61}},"type":"binary-expr","locations":[{"start":{"line":28,"column":41},"end":{"line":28,"column":46}},{"start":{"line":28,"column":50},"end":{"line":28,"column":61}}],"line":28},"9":{"loc":{"start":{"line":34,"column":8},"end":{"line":36,"column":16}},"type":"cond-expr","locations":[{"start":{"line":35,"column":12},"end":{"line":35,"column":77}},{"start":{"line":36,"column":12},"end":{"line":36,"column":16}}],"line":34},"10":{"loc":{"start":{"line":34,"column":8},"end":{"line":34,"column":100}},"type":"binary-expr","locations":[{"start":{"line":34,"column":9},"end":{"line":34,"column":14}},{"start":{"line":34,"column":18},"end":{"line":34,"column":35}},{"start":{"line":34,"column":40},"end":{"line":34,"column":100}}],"line":34}},"s":{"0":1,"1":1,"2":0,"3":0,"4":0,"5":0,"6":2,"7":2,"8":2,"9":2,"10":0,"11":2},"f":{"0":1,"1":0,"2":0,"3":0,"4":2,"5":0},"b":{"0":[1,0],"1":[0,0],"2":[0,2],"3":[2,2],"4":[0,0],"5":[2,0],"6":[2,2],"7":[0,2],"8":[2,2],"9":[0,2],"10":[2,2,0]},"_coverageSchema":"1a1c01bbd47fc00a2c39e90264f33305004495a9","hash":"8a0fff5e9137eed80ec17a157d6d7d92e5477336"}
,"/Users/mpauly1/Mathew/Personal/react/hacker-news/src/containers/NotFound/NotFound.js": {"path":"/Users/mpauly1/Mathew/Personal/react/hacker-news/src/containers/NotFound/NotFound.js","statementMap":{"0":{"start":{"line":6,"column":4},"end":{"line":8,"column":10}}},"fnMap":{"0":{"name":"(anonymous_0)","decl":{"start":{"line":5,"column":2},"end":{"line":5,"column":3}},"loc":{"start":{"line":5,"column":12},"end":{"line":9,"column":3}},"line":5}},"branchMap":{},"s":{"0":1},"f":{"0":1},"b":{},"_coverageSchema":"1a1c01bbd47fc00a2c39e90264f33305004495a9","hash":"417c0164c4193eb85461c867f420769f7bd979a9"}
,"/Users/mpauly1/Mathew/Personal/react/hacker-news/src/context/NewsContext.js": {"path":"/Users/mpauly1/Mathew/Personal/react/hacker-news/src/context/NewsContext.js","statementMap":{"0":{"start":{"line":5,"column":37},"end":{"line":8,"column":1}}},"fnMap":{},"branchMap":{},"s":{"0":5},"f":{},"b":{},"_coverageSchema":"1a1c01bbd47fc00a2c39e90264f33305004495a9","hash":"fba9aa7abc54396b429d836f6acc16e5a80cdf2b"}
,"/Users/mpauly1/Mathew/Personal/react/hacker-news/src/context/createDataContext.js": {"path":"/Users/mpauly1/Mathew/Personal/react/hacker-news/src/context/createDataContext.js","statementMap":{"0":{"start":{"line":4,"column":18},"end":{"line":4,"column":39}},"1":{"start":{"line":6,"column":19},"end":{"line":15,"column":3}},"2":{"start":{"line":7,"column":30},"end":{"line":7,"column":63}},"3":{"start":{"line":8,"column":25},"end":{"line":8,"column":27}},"4":{"start":{"line":9,"column":4},"end":{"line":11,"column":5}},"5":{"start":{"line":10,"column":6},"end":{"line":10,"column":48}},"6":{"start":{"line":12,"column":4},"end":{"line":14,"column":23}},"7":{"start":{"line":17,"column":2},"end":{"line":19,"column":3}},"8":{"start":{"line":21,"column":2},"end":{"line":21,"column":30}}},"fnMap":{"0":{"name":"(anonymous_0)","decl":{"start":{"line":3,"column":15},"end":{"line":3,"column":16}},"loc":{"start":{"line":3,"column":51},"end":{"line":22,"column":1}},"line":3},"1":{"name":"(anonymous_1)","decl":{"start":{"line":6,"column":19},"end":{"line":6,"column":20}},"loc":{"start":{"line":6,"column":37},"end":{"line":15,"column":3}},"line":6}},"branchMap":{},"s":{"0":5,"1":5,"2":5,"3":5,"4":5,"5":15,"6":5,"7":5,"8":5},"f":{"0":5,"1":5},"b":{},"_coverageSchema":"1a1c01bbd47fc00a2c39e90264f33305004495a9","hash":"0686cb6357017949cc0495eacb55fb7326861d59"}
,"/Users/mpauly1/Mathew/Personal/react/hacker-news/src/reducers/News.js": {"path":"/Users/mpauly1/Mathew/Personal/react/hacker-news/src/reducers/News.js","statementMap":{"0":{"start":{"line":3,"column":28},"end":{"line":6,"column":1}},"1":{"start":{"line":7,"column":27},"end":{"line":40,"column":1}},"2":{"start":{"line":8,"column":2},"end":{"line":39,"column":3}},"3":{"start":{"line":10,"column":6},"end":{"line":17,"column":7}},"4":{"start":{"line":19,"column":6},"end":{"line":22,"column":7}},"5":{"start":{"line":24,"column":6},"end":{"line":28,"column":8}},"6":{"start":{"line":25,"column":8},"end":{"line":27,"column":9}},"7":{"start":{"line":26,"column":10},"end":{"line":26,"column":39}},"8":{"start":{"line":29,"column":6},"end":{"line":31,"column":7}},"9":{"start":{"line":33,"column":6},"end":{"line":36,"column":7}},"10":{"start":{"line":35,"column":44},"end":{"line":35,"column":83}},"11":{"start":{"line":38,"column":6},"end":{"line":38,"column":18}}},"fnMap":{"0":{"name":"(anonymous_0)","decl":{"start":{"line":7,"column":27},"end":{"line":7,"column":28}},"loc":{"start":{"line":7,"column":46},"end":{"line":40,"column":1}},"line":7},"1":{"name":"(anonymous_1)","decl":{"start":{"line":24,"column":25},"end":{"line":24,"column":26}},"loc":{"start":{"line":24,"column":33},"end":{"line":28,"column":7}},"line":24},"2":{"name":"(anonymous_2)","decl":{"start":{"line":35,"column":32},"end":{"line":35,"column":33}},"loc":{"start":{"line":35,"column":42},"end":{"line":35,"column":85}},"line":35}},"branchMap":{"0":{"loc":{"start":{"line":8,"column":2},"end":{"line":39,"column":3}},"type":"switch","locations":[{"start":{"line":9,"column":4},"end":{"line":17,"column":7}},{"start":{"line":18,"column":4},"end":{"line":22,"column":7}},{"start":{"line":23,"column":4},"end":{"line":31,"column":7}},{"start":{"line":32,"column":4},"end":{"line":36,"column":7}},{"start":{"line":37,"column":4},"end":{"line":38,"column":18}}],"line":8},"1":{"loc":{"start":{"line":25,"column":8},"end":{"line":27,"column":9}},"type":"if","locations":[{"start":{"line":25,"column":8},"end":{"line":27,"column":9}},{"start":{"line":25,"column":8},"end":{"line":27,"column":9}}],"line":25}},"s":{"0":6,"1":6,"2":7,"3":1,"4":3,"5":1,"6":1,"7":1,"8":1,"9":1,"10":1,"11":1},"f":{"0":7,"1":1,"2":1},"b":{"0":[1,3,1,1,1],"1":[1,0]},"_coverageSchema":"1a1c01bbd47fc00a2c39e90264f33305004495a9","hash":"c9fbb8f6d2e73166cba3583e44f9f606818d5c4a"}
,"/Users/mpauly1/Mathew/Personal/react/hacker-news/src/services/LocalStorage.js": {"path":"/Users/mpauly1/Mathew/Personal/react/hacker-news/src/services/LocalStorage.js","statementMap":{"0":{"start":{"line":3,"column":31},"end":{"line":5,"column":1}},"1":{"start":{"line":4,"column":2},"end":{"line":4,"column":50}},"2":{"start":{"line":7,"column":31},"end":{"line":10,"column":1}},"3":{"start":{"line":8,"column":15},"end":{"line":8,"column":40}},"4":{"start":{"line":9,"column":2},"end":{"line":9,"column":39}},"5":{"start":{"line":12,"column":26},"end":{"line":14,"column":1}},"6":{"start":{"line":13,"column":2},"end":{"line":13,"column":50}},"7":{"start":{"line":16,"column":23},"end":{"line":18,"column":1}},"8":{"start":{"line":17,"column":2},"end":{"line":17,"column":86}},"9":{"start":{"line":20,"column":30},"end":{"line":22,"column":1}},"10":{"start":{"line":21,"column":2},"end":{"line":21,"column":99}},"11":{"start":{"line":24,"column":29},"end":{"line":26,"column":1}},"12":{"start":{"line":25,"column":2},"end":{"line":25,"column":97}},"13":{"start":{"line":28,"column":24},"end":{"line":36,"column":1}},"14":{"start":{"line":29,"column":16},"end":{"line":29,"column":63}},"15":{"start":{"line":30,"column":16},"end":{"line":30,"column":47}},"16":{"start":{"line":30,"column":35},"end":{"line":30,"column":46}},"17":{"start":{"line":31,"column":2},"end":{"line":33,"column":3}},"18":{"start":{"line":32,"column":4},"end":{"line":32,"column":18}},"19":{"start":{"line":34,"column":2},"end":{"line":34,"column":50}},"20":{"start":{"line":35,"column":2},"end":{"line":35,"column":40}},"21":{"start":{"line":35,"column":28},"end":{"line":35,"column":39}},"22":{"start":{"line":38,"column":22},"end":{"line":52,"column":1}},"23":{"start":{"line":39,"column":16},"end":{"line":39,"column":62}},"24":{"start":{"line":40,"column":14},"end":{"line":40,"column":19}},"25":{"start":{"line":41,"column":2},"end":{"line":46,"column":4}},"26":{"start":{"line":42,"column":4},"end":{"line":45,"column":5}},"27":{"start":{"line":43,"column":6},"end":{"line":43,"column":35}},"28":{"start":{"line":44,"column":6},"end":{"line":44,"column":18}},"29":{"start":{"line":47,"column":2},"end":{"line":49,"column":3}},"30":{"start":{"line":48,"column":4},"end":{"line":48,"column":37}},"31":{"start":{"line":50,"column":2},"end":{"line":50,"column":49}},"32":{"start":{"line":51,"column":2},"end":{"line":51,"column":43}},"33":{"start":{"line":51,"column":28},"end":{"line":51,"column":42}}},"fnMap":{"0":{"name":"(anonymous_0)","decl":{"start":{"line":3,"column":31},"end":{"line":3,"column":32}},"loc":{"start":{"line":3,"column":47},"end":{"line":5,"column":1}},"line":3},"1":{"name":"(anonymous_1)","decl":{"start":{"line":7,"column":31},"end":{"line":7,"column":32}},"loc":{"start":{"line":7,"column":40},"end":{"line":10,"column":1}},"line":7},"2":{"name":"(anonymous_2)","decl":{"start":{"line":12,"column":26},"end":{"line":12,"column":27}},"loc":{"start":{"line":12,"column":36},"end":{"line":14,"column":1}},"line":12},"3":{"name":"(anonymous_3)","decl":{"start":{"line":16,"column":23},"end":{"line":16,"column":24}},"loc":{"start":{"line":16,"column":29},"end":{"line":18,"column":1}},"line":16},"4":{"name":"(anonymous_4)","decl":{"start":{"line":20,"column":30},"end":{"line":20,"column":31}},"loc":{"start":{"line":20,"column":36},"end":{"line":22,"column":1}},"line":20},"5":{"name":"(anonymous_5)","decl":{"start":{"line":24,"column":29},"end":{"line":24,"column":30}},"loc":{"start":{"line":24,"column":35},"end":{"line":26,"column":1}},"line":24},"6":{"name":"(anonymous_6)","decl":{"start":{"line":28,"column":24},"end":{"line":28,"column":25}},"loc":{"start":{"line":28,"column":32},"end":{"line":36,"column":1}},"line":28},"7":{"name":"(anonymous_7)","decl":{"start":{"line":30,"column":27},"end":{"line":30,"column":28}},"loc":{"start":{"line":30,"column":35},"end":{"line":30,"column":46}},"line":30},"8":{"name":"(anonymous_8)","decl":{"start":{"line":35,"column":20},"end":{"line":35,"column":21}},"loc":{"start":{"line":35,"column":28},"end":{"line":35,"column":39}},"line":35},"9":{"name":"(anonymous_9)","decl":{"start":{"line":38,"column":22},"end":{"line":38,"column":23}},"loc":{"start":{"line":38,"column":30},"end":{"line":52,"column":1}},"line":38},"10":{"name":"(anonymous_10)","decl":{"start":{"line":41,"column":16},"end":{"line":41,"column":17}},"loc":{"start":{"line":41,"column":26},"end":{"line":46,"column":3}},"line":41},"11":{"name":"(anonymous_11)","decl":{"start":{"line":51,"column":20},"end":{"line":51,"column":21}},"loc":{"start":{"line":51,"column":28},"end":{"line":51,"column":42}},"line":51}},"branchMap":{"0":{"loc":{"start":{"line":9,"column":9},"end":{"line":9,"column":39}},"type":"cond-expr","locations":[{"start":{"line":9,"column":16},"end":{"line":9,"column":32}},{"start":{"line":9,"column":35},"end":{"line":9,"column":39}}],"line":9},"1":{"loc":{"start":{"line":17,"column":9},"end":{"line":17,"column":86}},"type":"cond-expr","locations":[{"start":{"line":17,"column":45},"end":{"line":17,"column":82}},{"start":{"line":17,"column":85},"end":{"line":17,"column":86}}],"line":17},"2":{"loc":{"start":{"line":21,"column":9},"end":{"line":21,"column":99}},"type":"cond-expr","locations":[{"start":{"line":21,"column":53},"end":{"line":21,"column":94}},{"start":{"line":21,"column":97},"end":{"line":21,"column":99}}],"line":21},"3":{"loc":{"start":{"line":25,"column":9},"end":{"line":25,"column":97}},"type":"cond-expr","locations":[{"start":{"line":25,"column":52},"end":{"line":25,"column":92}},{"start":{"line":25,"column":95},"end":{"line":25,"column":97}}],"line":25},"4":{"loc":{"start":{"line":29,"column":16},"end":{"line":29,"column":63}},"type":"binary-expr","locations":[{"start":{"line":29,"column":16},"end":{"line":29,"column":57}},{"start":{"line":29,"column":61},"end":{"line":29,"column":63}}],"line":29},"5":{"loc":{"start":{"line":31,"column":2},"end":{"line":33,"column":3}},"type":"if","locations":[{"start":{"line":31,"column":2},"end":{"line":33,"column":3}},{"start":{"line":31,"column":2},"end":{"line":33,"column":3}}],"line":31},"6":{"loc":{"start":{"line":39,"column":16},"end":{"line":39,"column":62}},"type":"binary-expr","locations":[{"start":{"line":39,"column":16},"end":{"line":39,"column":56}},{"start":{"line":39,"column":60},"end":{"line":39,"column":62}}],"line":39},"7":{"loc":{"start":{"line":42,"column":4},"end":{"line":45,"column":5}},"type":"if","locations":[{"start":{"line":42,"column":4},"end":{"line":45,"column":5}},{"start":{"line":42,"column":4},"end":{"line":45,"column":5}}],"line":42},"8":{"loc":{"start":{"line":47,"column":2},"end":{"line":49,"column":3}},"type":"if","locations":[{"start":{"line":47,"column":2},"end":{"line":49,"column":3}},{"start":{"line":47,"column":2},"end":{"line":49,"column":3}}],"line":47}},"s":{"0":7,"1":14,"2":7,"3":29,"4":29,"5":7,"6":1,"7":7,"8":3,"9":7,"10":6,"11":7,"12":5,"13":7,"14":2,"15":2,"16":1,"17":2,"18":1,"19":2,"20":2,"21":2,"22":7,"23":2,"24":2,"25":2,"26":1,"27":1,"28":1,"29":2,"30":1,"31":2,"32":2,"33":2},"f":{"0":14,"1":29,"2":1,"3":3,"4":6,"5":5,"6":2,"7":1,"8":2,"9":2,"10":1,"11":2},"b":{"0":[23,6],"1":[1,2],"2":[5,1],"3":[4,1],"4":[2,1],"5":[1,1],"6":[2,1],"7":[1,0],"8":[1,1]},"_coverageSchema":"1a1c01bbd47fc00a2c39e90264f33305004495a9","hash":"91f752e745718019df0d1222dd5c93e58d5facab"}
,"/Users/mpauly1/Mathew/Personal/react/hacker-news/src/utils/dateUtil.js": {"path":"/Users/mpauly1/Mathew/Personal/react/hacker-news/src/utils/dateUtil.js","statementMap":{"0":{"start":{"line":1,"column":30},"end":{"line":4,"column":1}},"1":{"start":{"line":2,"column":15},"end":{"line":2,"column":63}},"2":{"start":{"line":3,"column":2},"end":{"line":3,"column":70}}},"fnMap":{"0":{"name":"(anonymous_0)","decl":{"start":{"line":1,"column":30},"end":{"line":1,"column":31}},"loc":{"start":{"line":1,"column":48},"end":{"line":4,"column":1}},"line":1}},"branchMap":{"0":{"loc":{"start":{"line":2,"column":15},"end":{"line":2,"column":63}},"type":"cond-expr","locations":[{"start":{"line":2,"column":35},"end":{"line":2,"column":56}},{"start":{"line":2,"column":59},"end":{"line":2,"column":63}}],"line":2},"1":{"loc":{"start":{"line":3,"column":9},"end":{"line":3,"column":70}},"type":"cond-expr","locations":[{"start":{"line":3,"column":20},"end":{"line":3,"column":44}},{"start":{"line":3,"column":47},"end":{"line":3,"column":70}}],"line":3}},"s":{"0":3,"1":4,"2":4},"f":{"0":4},"b":{"0":[4,0],"1":[4,0]},"_coverageSchema":"1a1c01bbd47fc00a2c39e90264f33305004495a9","hash":"8b2c5d7f048ffb86c13064d09b7dd6f352e86e03"}
}
